2020-12-06 19:54:15 [[31merror[39m: 	Error {
  "object": {
    "e": {}
  }
}]
2020-12-06 21:08:35 [[31merror[39m: 	Error {
  "object": {
    "e": {}
  }
}]
2020-12-06 21:08:41 [[31merror[39m: 	Error {
  "object": {
    "e": {}
  }
}]
2020-12-06 21:33:53 [[31merror[39m: 	Error {
  "object": {
    "e": {}
  }
}]
2020-12-14 18:19:22 [[31merror[39m: 	Error {
  "object": {
    "e": {}
  }
}]
2020-12-14 18:58:46 [[31merror[39m: 	Error {
  "object": {
    "e": {}
  }
}]
2021-01-23 13:16:43 [[31merror[39m: 	Can	 connect to the database {
  "object": {
    "e": {}
  }
}]
